app/manifest-merger-release-report.txt
-- Merging decision tree log ---
manifest
ADDED from AndroidManifest.xml:2:1
	package
		ADDED from AndroidManifest.xml:3:5
		INJECTED from AndroidManifest.xml:0:0
		INJECTED from AndroidManifest.xml:0:0
	android:versionName
		INJECTED from AndroidManifest.xml:0:0
		INJECTED from AndroidManifest.xml:0:0
	xmlns:android
		ADDED from AndroidManifest.xml:2:11
	android:versionCode
		INJECTED from AndroidManifest.xml:0:0
		INJECTED from AndroidManifest.xml:0:0
uses-permission#android.permission.READ_EXTERNAL_STORAGE
ADDED from AndroidManifest.xml:5:5
	android:name
		ADDED from AndroidManifest.xml:5:22
uses-permission#android.permission.INTERNET
ADDED from AndroidManifest.xml:6:5
	android:name
		ADDED from AndroidManifest.xml:6:22
uses-permission#android.permission.ACCESS_NETWORK_STATE
ADDED from AndroidManifest.xml:7:5
	android:name
		ADDED from AndroidManifest.xml:7:22
uses-permission#android.permission.CHANGE_NETWORK_STATE
ADDED from AndroidManifest.xml:8:5
	android:name
		ADDED from AndroidManifest.xml:8:22
uses-permission#android.permission.RESTART_PACKAGES
ADDED from AndroidManifest.xml:9:5
	android:name
		ADDED from AndroidManifest.xml:9:22
uses-feature#android.hardware.camera
ADDED from AndroidManifest.xml:11:5
	android:name
		ADDED from AndroidManifest.xml:11:19
uses-feature#android.hardware.camera.autofocus
ADDED from AndroidManifest.xml:12:5
	android:name
		ADDED from AndroidManifest.xml:12:19
uses-permission#android.permission.READ_PHONE_STATE
ADDED from AndroidManifest.xml:14:5
	android:name
		ADDED from AndroidManifest.xml:14:22
uses-permission#android.permission.PROCESS_OUTGOING_CALLS
ADDED from AndroidManifest.xml:15:5
	android:name
		ADDED from AndroidManifest.xml:15:22
uses-permission#android.permission.READ_CONTACTS
ADDED from AndroidManifest.xml:17:5
	android:name
		ADDED from AndroidManifest.xml:17:22
uses-permission#android.permission.RECEIVE_SMS
ADDED from AndroidManifest.xml:18:5
	android:name
		ADDED from AndroidManifest.xml:18:22
uses-permission#android.permission.GET_TASKS
ADDED from AndroidManifest.xml:19:5
	android:name
		ADDED from AndroidManifest.xml:19:22
uses-permission#android.permission.ACCESS_FINE_LOCATION
ADDED from AndroidManifest.xml:20:5
	android:name
		ADDED from AndroidManifest.xml:20:22
uses-permission#android.permission.WRITE_EXTERNAL_STORAGE
ADDED from AndroidManifest.xml:21:5
	android:name
		ADDED from AndroidManifest.xml:21:22
uses-permission#android.permission.ACCESS_WIFI_STATE
ADDED from AndroidManifest.xml:22:5
	android:name
		ADDED from AndroidManifest.xml:22:22
uses-permission#android.permission.CHANGE_WIFI_STATE
ADDED from AndroidManifest.xml:23:5
	android:name
		ADDED from AndroidManifest.xml:23:22
uses-permission#android.permission.RECORD_AUDIO
ADDED from AndroidManifest.xml:25:5
	android:name
		ADDED from AndroidManifest.xml:25:22
uses-permission#android.permission.WAKE_LOCK
ADDED from AndroidManifest.xml:26:5
	android:name
		ADDED from AndroidManifest.xml:26:22
uses-permission#android.permission.MODIFY_AUDIO_SETTINGS
ADDED from AndroidManifest.xml:27:5
	android:name
		ADDED from AndroidManifest.xml:27:22
uses-permission#android.permission.VIBRATE
ADDED from AndroidManifest.xml:28:5
	android:name
		ADDED from AndroidManifest.xml:28:22
uses-permission#android.permission.CAMERA
ADDED from AndroidManifest.xml:29:5
	android:name
		ADDED from AndroidManifest.xml:29:22
uses-permission#android.permission.WRITE_SETTINGS
ADDED from AndroidManifest.xml:30:5
	android:name
		ADDED from AndroidManifest.xml:30:22
uses-permission#android.permission.MOUNT_UNMOUNT_FILESYSTEMS
ADDED from AndroidManifest.xml:31:5
	android:name
		ADDED from AndroidManifest.xml:31:22
uses-permission#android.permission.CHANGE_WIFI_MULTICAST_STATE
ADDED from AndroidManifest.xml:33:5
	android:name
		ADDED from AndroidManifest.xml:33:22
application
ADDED from AndroidManifest.xml:36:5
MERGED from de.hdodenhof:circleimageview:1.2.1:9:5
MERGED from com.cocosw:bottomsheet:1.2.0:11:5
MERGED from com.github.qiujuer:genius:2.3.1:11:5
MERGED from com.android.support:appcompat-v7:22.1.1:22:5
MERGED from com.android.support:support-v4:22.1.1:22:5
MERGED from musiclamp_android:Blurringview:unspecified:11:5
MERGED from com.afollestad:material-dialogs:0.7.3.1:12:5
MERGED from com.android.support:support-v4:22.1.1:22:5
MERGED from com.android.support:appcompat-v7:22.1.1:22:5
MERGED from com.android.support:support-v4:22.1.1:22:5
MERGED from com.android.support:recyclerview-v7:22.1.1:22:5
MERGED from com.android.support:support-v4:22.1.1:22:5
MERGED from net.danlew:android.joda:2.7.0:11:5
MERGED from com.umeng:fb:5.3.0:11:5
MERGED from com.android.support:support-v4:22.1.1:22:5
MERGED from com.android.support:support-v4:22.1.1:22:5
	android:label
		ADDED from AndroidManifest.xml:40:9
	android:allowBackup
		ADDED from AndroidManifest.xml:38:9
	android:icon
		ADDED from AndroidManifest.xml:39:9
	android:theme
		ADDED from AndroidManifest.xml:41:9
	android:name
		ADDED from AndroidManifest.xml:37:9
meta-data#UMENG_APPKEY
ADDED from AndroidManifest.xml:43:9
	android:value
		ADDED from AndroidManifest.xml:43:20
	android:name
		ADDED from AndroidManifest.xml:43:61
meta-data#UMENG_CHANNEL
ADDED from AndroidManifest.xml:44:9
	android:value
		ADDED from AndroidManifest.xml:44:20
	android:name
		ADDED from AndroidManifest.xml:44:44
activity#com.imt.musiclamp.MainActivity
ADDED from AndroidManifest.xml:45:9
	android:screenOrientation
		ADDED from AndroidManifest.xml:48:13
	android:label
		ADDED from AndroidManifest.xml:47:13
	android:theme
		ADDED from AndroidManifest.xml:49:13
	android:name
		ADDED from AndroidManifest.xml:46:13
activity#com.imt.musiclamp.LoginActivity
ADDED from AndroidManifest.xml:50:9
	android:screenOrientation
		ADDED from AndroidManifest.xml:52:13
	android:theme
		ADDED from AndroidManifest.xml:53:13
	android:name
		ADDED from AndroidManifest.xml:51:13
activity#com.imt.musiclamp.WelcomeActivity
ADDED from AndroidManifest.xml:54:9
	android:screenOrientation
		ADDED from AndroidManifest.xml:55:13
	android:theme
		ADDED from AndroidManifest.xml:56:13
	android:name
		ADDED from AndroidManifest.xml:54:19
intent-filter#android.intent.action.MAIN+android.intent.category.LAUNCHER
ADDED from AndroidManifest.xml:57:13
action#android.intent.action.MAIN
ADDED from AndroidManifest.xml:58:17
	android:name
		ADDED from AndroidManifest.xml:58:25
category#android.intent.category.LAUNCHER
ADDED from AndroidManifest.xml:60:17
	android:name
		ADDED from AndroidManifest.xml:60:27
activity#com.umeng.fb.ConversationActivity
ADDED from AndroidManifest.xml:64:9
	android:name
		ADDED from AndroidManifest.xml:65:13
activity#com.imt.musiclamp.SearchActivity
ADDED from AndroidManifest.xml:66:9
	android:theme
		ADDED from AndroidManifest.xml:68:13
	android:name
		ADDED from AndroidManifest.xml:67:13
activity#com.imt.musiclamp.localset
ADDED from AndroidManifest.xml:69:9
	android:theme
		ADDED from AndroidManifest.xml:71:13
	android:name
		ADDED from AndroidManifest.xml:70:13
activity#com.imt.musiclamp.DeviceSetActivity
ADDED from AndroidManifest.xml:72:9
	android:theme
		ADDED from AndroidManifest.xml:74:13
	android:name
		ADDED from AndroidManifest.xml:73:13
activity#com.imt.musiclamp.MyloveAdd
ADDED from AndroidManifest.xml:75:9
	android:theme
		ADDED from AndroidManifest.xml:77:13
	android:name
		ADDED from AndroidManifest.xml:76:13
activity#com.imt.musiclamp.wxapi.WXEntryActivity
ADDED from AndroidManifest.xml:78:9
	android:exported
		ADDED from AndroidManifest.xml:80:13
	android:theme
		ADDED from AndroidManifest.xml:81:13
	android:name
		ADDED from AndroidManifest.xml:79:13
service#com.imt.musiclamp.service.PlayerService
ADDED from AndroidManifest.xml:83:9
	android:enabled
		ADDED from AndroidManifest.xml:85:13
	android:exported
		ADDED from AndroidManifest.xml:86:13
	android:name
		ADDED from AndroidManifest.xml:84:13
service#com.imt.musiclamp.service.RongPush
ADDED from AndroidManifest.xml:87:9
	android:enabled
		ADDED from AndroidManifest.xml:89:13
	android:exported
		ADDED from AndroidManifest.xml:90:13
	android:name
		ADDED from AndroidManifest.xml:88:13
receiver#com.imt.musiclamp.PhoneStateReceiver
ADDED from AndroidManifest.xml:92:9
	android:name
		ADDED from AndroidManifest.xml:92:19
intent-filter#android.intent.action.NEW_OUTGOING_CALL+android.intent.action.PHONE_STATE
ADDED from AndroidManifest.xml:93:13
action#android.intent.action.PHONE_STATE
ADDED from AndroidManifest.xml:94:17
	android:name
		ADDED from AndroidManifest.xml:94:25
action#android.intent.action.NEW_OUTGOING_CALL
ADDED from AndroidManifest.xml:95:17
	android:name
		ADDED from AndroidManifest.xml:95:25
activity#com.imt.musiclamp.LocalPlayingActivity
ADDED from AndroidManifest.xml:99:9
	android:screenOrientation
		ADDED from AndroidManifest.xml:102:13
	android:launchMode
		ADDED from AndroidManifest.xml:101:13
	android:theme
		ADDED from AndroidManifest.xml:103:13
	android:name
		ADDED from AndroidManifest.xml:100:13
activity#com.imt.musiclamp.LocalMusicListActivity
ADDED from AndroidManifest.xml:104:9
	android:screenOrientation
		ADDED from AndroidManifest.xml:107:13
	android:label
		ADDED from AndroidManifest.xml:106:13
	android:theme
		ADDED from AndroidManifest.xml:108:13
	android:name
		ADDED from AndroidManifest.xml:105:13
service#com.imt.musiclamp.service.ServerSocketService
ADDED from AndroidManifest.xml:110:9
	android:name
		ADDED from AndroidManifest.xml:110:18
activity#com.imt.musiclamp.LampSettingActivity
ADDED from AndroidManifest.xml:112:9
	android:screenOrientation
		ADDED from AndroidManifest.xml:115:13
	android:label
		ADDED from AndroidManifest.xml:114:13
	android:name
		ADDED from AndroidManifest.xml:113:13
activity#com.imt.musiclamp.MipcaActivityCapture
ADDED from AndroidManifest.xml:116:9
	android:screenOrientation
		ADDED from AndroidManifest.xml:118:13
	android:theme
		ADDED from AndroidManifest.xml:119:13
	android:name
		ADDED from AndroidManifest.xml:117:13
activity#com.imt.musiclamp.OnlineMusicLibraryActivity
ADDED from AndroidManifest.xml:124:9
	android:screenOrientation
		ADDED from AndroidManifest.xml:126:13
	android:theme
		ADDED from AndroidManifest.xml:127:13
	android:name
		ADDED from AndroidManifest.xml:125:13
activity#com.imt.musiclamp.OnlinePlayistActivity
ADDED from AndroidManifest.xml:128:9
	android:screenOrientation
		ADDED from AndroidManifest.xml:130:13
	android:theme
		ADDED from AndroidManifest.xml:131:13
	android:name
		ADDED from AndroidManifest.xml:129:13
activity#com.imt.musiclamp.CustomPlayistActivity
ADDED from AndroidManifest.xml:132:9
	android:screenOrientation
		ADDED from AndroidManifest.xml:134:13
	android:theme
		ADDED from AndroidManifest.xml:135:13
	android:name
		ADDED from AndroidManifest.xml:133:13
activity#com.imt.musiclamp.MyLikeActivity
ADDED from AndroidManifest.xml:136:9
	android:screenOrientation
		ADDED from AndroidManifest.xml:138:13
	android:theme
		ADDED from AndroidManifest.xml:139:13
	android:name
		ADDED from AndroidManifest.xml:137:13
activity#com.imt.musiclamp.DownloadedActivity
ADDED from AndroidManifest.xml:140:9
	android:screenOrientation
		ADDED from AndroidManifest.xml:142:13
	android:theme
		ADDED from AndroidManifest.xml:143:13
	android:name
		ADDED from AndroidManifest.xml:141:13
activity#com.imt.musiclamp.IMTInfoActivity
ADDED from AndroidManifest.xml:144:9
	android:theme
		ADDED from AndroidManifest.xml:146:13
	android:name
		ADDED from AndroidManifest.xml:145:13
activity#com.imt.musiclamp.RecentlyActivity
ADDED from AndroidManifest.xml:147:9
	android:screenOrientation
		ADDED from AndroidManifest.xml:149:13
	android:theme
		ADDED from AndroidManifest.xml:150:13
	android:name
		ADDED from AndroidManifest.xml:148:13
activity#com.imt.musiclamp.OnlinePlayingActivity
ADDED from AndroidManifest.xml:151:9
	android:screenOrientation
		ADDED from AndroidManifest.xml:153:13
	android:theme
		ADDED from AndroidManifest.xml:154:13
	android:name
		ADDED from AndroidManifest.xml:152:13
activity#com.imt.musiclamp.FellBack
ADDED from AndroidManifest.xml:155:9
	android:name
		ADDED from AndroidManifest.xml:155:19
activity#com.imt.musiclamp.StartActivity
ADDED from AndroidManifest.xml:156:9
	android:screenOrientation
		ADDED from AndroidManifest.xml:158:13
	android:theme
		ADDED from AndroidManifest.xml:159:13
	android:name
		ADDED from AndroidManifest.xml:157:13
activity#com.imt.musiclamp.AboutActivity
ADDED from AndroidManifest.xml:160:9
	android:screenOrientation
		ADDED from AndroidManifest.xml:162:13
	android:name
		ADDED from AndroidManifest.xml:161:13
activity#com.tencent.tauth.AuthActivity
ADDED from AndroidManifest.xml:163:9
	android:launchMode
		ADDED from AndroidManifest.xml:165:13
	android:noHistory
		ADDED from AndroidManifest.xml:166:13
	android:name
		ADDED from AndroidManifest.xml:164:13
intent-filter#android.intent.action.VIEW+android.intent.category.BROWSABLE+android.intent.category.DEFAULT
ADDED from AndroidManifest.xml:167:13
action#android.intent.action.VIEW
ADDED from AndroidManifest.xml:168:17
	android:name
		ADDED from AndroidManifest.xml:168:25
category#android.intent.category.DEFAULT
ADDED from AndroidManifest.xml:170:17
	android:name
		ADDED from AndroidManifest.xml:170:27
category#android.intent.category.BROWSABLE
ADDED from AndroidManifest.xml:171:17
	android:name
		ADDED from AndroidManifest.xml:171:27
data
ADDED from AndroidManifest.xml:173:17
	android:scheme
		ADDED from AndroidManifest.xml:173:23
activity#com.imt.musiclamp.ChangeInfoActivity
ADDED from AndroidManifest.xml:176:9
	android:theme
		ADDED from AndroidManifest.xml:178:13
	android:name
		ADDED from AndroidManifest.xml:177:13
activity#com.imt.musiclamp.AppSettingActivity
ADDED from AndroidManifest.xml:179:9
	android:screenOrientation
		ADDED from AndroidManifest.xml:181:13
	android:theme
		ADDED from AndroidManifest.xml:182:13
	android:name
		ADDED from AndroidManifest.xml:180:13
activity#com.tencent.connect.common.AssistActivity
ADDED from AndroidManifest.xml:183:9
	android:name
		ADDED from AndroidManifest.xml:183:19
activity#com.imt.musiclamp.MobActivity
ADDED from AndroidManifest.xml:184:9
	android:screenOrientation
		ADDED from AndroidManifest.xml:187:13
	android:label
		ADDED from AndroidManifest.xml:186:13
	android:theme
		ADDED from AndroidManifest.xml:188:13
	android:name
		ADDED from AndroidManifest.xml:185:13
activity#cn.smssdk.SMSSDKUIShell
ADDED from AndroidManifest.xml:189:9
	android:windowSoftInputMode
		ADDED from AndroidManifest.xml:193:13
	android:configChanges
		ADDED from AndroidManifest.xml:191:13
	android:theme
		ADDED from AndroidManifest.xml:192:13
	android:name
		ADDED from AndroidManifest.xml:190:13
activity#com.imt.musiclamp.FriendActivity
ADDED from AndroidManifest.xml:194:9
	android:screenOrientation
		ADDED from AndroidManifest.xml:197:13
	android:label
		ADDED from AndroidManifest.xml:196:13
	android:theme
		ADDED from AndroidManifest.xml:198:13
	android:name
		ADDED from AndroidManifest.xml:195:13
activity#com.imt.musiclamp.ConversationActivity
ADDED from AndroidManifest.xml:199:9
	android:screenOrientation
		ADDED from AndroidManifest.xml:202:13
	android:label
		ADDED from AndroidManifest.xml:201:13
	android:theme
		ADDED from AndroidManifest.xml:203:13
	android:name
		ADDED from AndroidManifest.xml:200:13
activity#com.imt.musiclamp.SetUserInfoActivity
ADDED from AndroidManifest.xml:204:9
	android:screenOrientation
		ADDED from AndroidManifest.xml:207:13
	android:label
		ADDED from AndroidManifest.xml:206:13
	android:theme
		ADDED from AndroidManifest.xml:208:13
	android:name
		ADDED from AndroidManifest.xml:205:13
activity#com.imt.musiclamp.AddFriend
ADDED from AndroidManifest.xml:209:9
	android:screenOrientation
		ADDED from AndroidManifest.xml:211:13
	android:theme
		ADDED from AndroidManifest.xml:212:13
	android:name
		ADDED from AndroidManifest.xml:210:13
activity#com.imt.musiclamp.FriendInfo
ADDED from AndroidManifest.xml:213:9
	android:screenOrientation
		ADDED from AndroidManifest.xml:215:13
	android:theme
		ADDED from AndroidManifest.xml:216:13
	android:name
		ADDED from AndroidManifest.xml:214:13
meta-data#RONG_CLOUD_APP_KEY
ADDED from AndroidManifest.xml:218:9
	android:value
		ADDED from AndroidManifest.xml:220:13
	android:name
		ADDED from AndroidManifest.xml:219:13
service#io.rong.imlib.RongService
ADDED from AndroidManifest.xml:222:9
	android:name
		ADDED from AndroidManifest.xml:222:18
service#io.rong.imlib.push.PushService
ADDED from AndroidManifest.xml:223:9
	android:process
		ADDED from AndroidManifest.xml:225:13
	android:name
		ADDED from AndroidManifest.xml:224:13
intent-filter#android.intent.category.DEFAULT+io.rong.push
ADDED from AndroidManifest.xml:226:13
action#io.rong.push
ADDED from AndroidManifest.xml:229:17
	android:name
		ADDED from AndroidManifest.xml:229:25
service#io.rong.imlib.push.CommandService
ADDED from AndroidManifest.xml:232:9
	android:process
		ADDED from AndroidManifest.xml:234:13
	android:name
		ADDED from AndroidManifest.xml:233:13
intent-filter#android.intent.category.DEFAULT+io.rong.command
ADDED from AndroidManifest.xml:235:13
action#io.rong.command
ADDED from AndroidManifest.xml:238:17
	android:name
		ADDED from AndroidManifest.xml:238:25
receiver#io.rong.imlib.push.PushReceiver
ADDED from AndroidManifest.xml:242:9
	android:process
		ADDED from AndroidManifest.xml:244:13
	android:name
		ADDED from AndroidManifest.xml:243:13
intent-filter#io.rong.imlib.action.push.heartbeat
ADDED from AndroidManifest.xml:245:13
action#io.rong.imlib.action.push.heartbeat
ADDED from AndroidManifest.xml:246:17
	android:name
		ADDED from AndroidManifest.xml:246:25
intent-filter#android.net.conn.CONNECTIVITY_CHANGE
ADDED from AndroidManifest.xml:248:13
action#android.net.conn.CONNECTIVITY_CHANGE
ADDED from AndroidManifest.xml:249:17
	android:name
		ADDED from AndroidManifest.xml:249:25
intent-filter#android.intent.action.BOOT_COMPLETED
ADDED from AndroidManifest.xml:251:13
action#android.intent.action.BOOT_COMPLETED
ADDED from AndroidManifest.xml:252:17
	android:name
		ADDED from AndroidManifest.xml:252:25
receiver#io.rong.imlib.push.PushMessageReceiver
ADDED from AndroidManifest.xml:255:9
	android:name
		ADDED from AndroidManifest.xml:255:19
intent-filter#io.rong.push.message
ADDED from AndroidManifest.xml:256:13
action#io.rong.push.message
ADDED from AndroidManifest.xml:257:17
	android:name
		ADDED from AndroidManifest.xml:257:25
receiver#com.imt.musiclamp.element.WifiStateReceiver
ADDED from AndroidManifest.xml:260:9
	android:name
		ADDED from AndroidManifest.xml:260:19
intent-filter#android.net.conn.CONNECTIVITY_CHANGE+android.net.wifi.STATE_CHANGE+android.net.wifi.WIFI_STATE_CHANGED
ADDED from AndroidManifest.xml:261:13
action#android.net.wifi.WIFI_STATE_CHANGED
ADDED from AndroidManifest.xml:263:17
	android:name
		ADDED from AndroidManifest.xml:263:25
action#android.net.wifi.STATE_CHANGE
ADDED from AndroidManifest.xml:264:17
	android:name
		ADDED from AndroidManifest.xml:264:25
activity#com.imt.musiclamp.ConversationRong
ADDED from AndroidManifest.xml:268:9
	android:screenOrientation
		ADDED from AndroidManifest.xml:272:13
	android:launchMode
		ADDED from AndroidManifest.xml:270:13
	android:noHistory
		ADDED from AndroidManifest.xml:271:13
	android:theme
		ADDED from AndroidManifest.xml:273:13
	android:name
		ADDED from AndroidManifest.xml:269:13
activity#com.imt.musiclamp.SettingWlanActivity
ADDED from AndroidManifest.xml:274:9
	android:screenOrientation
		ADDED from AndroidManifest.xml:277:13
	android:label
		ADDED from AndroidManifest.xml:276:13
	android:name
		ADDED from AndroidManifest.xml:275:13
activity#com.imt.musiclamp.AddSceneActivity
ADDED from AndroidManifest.xml:278:9
	android:label
		ADDED from AndroidManifest.xml:280:13
	android:name
		ADDED from AndroidManifest.xml:279:13
receiver#com.imt.musiclamp.receiver.DownloadReceiver
ADDED from AndroidManifest.xml:282:9
	android:enabled
		ADDED from AndroidManifest.xml:284:13
	android:name
		ADDED from AndroidManifest.xml:283:13
intent-filter#android.intent.action.DOWNLOAD_COMPLETE
ADDED from AndroidManifest.xml:285:13
action#android.intent.action.DOWNLOAD_COMPLETE
ADDED from AndroidManifest.xml:286:17
	android:name
		ADDED from AndroidManifest.xml:286:25
uses-sdk
INJECTED from AndroidManifest.xml:0:0 reason: use-sdk injection requested
MERGED from de.hdodenhof:circleimageview:1.2.1:5:5
MERGED from com.cocosw:bottomsheet:1.2.0:7:5
MERGED from com.github.qiujuer:genius:2.3.1:7:5
MERGED from com.jeremyfeinstein.slidingmenu:library:1.3:4:5
MERGED from com.android.support:appcompat-v7:22.1.1:20:5
MERGED from com.android.support:support-v4:22.1.1:20:5
MERGED from musiclamp_android:Blurringview:unspecified:7:5
MERGED from com.afollestad:material-dialogs:0.7.3.1:8:5
MERGED from com.android.support:support-v4:22.1.1:20:5
MERGED from com.android.support:appcompat-v7:22.1.1:20:5
MERGED from com.android.support:support-v4:22.1.1:20:5
MERGED from com.android.support:recyclerview-v7:22.1.1:20:5
MERGED from com.android.support:support-v4:22.1.1:20:5
MERGED from fr.avianey.com.viewpagerindicator:library:2.4.1:8:5
MERGED from net.danlew:android.joda:2.7.0:7:5
MERGED from in.srain.cube:ultra-ptr:1.0.7:7:5
MERGED from com.umeng:fb:5.3.0:7:5
MERGED from com.android.support:support-v4:22.1.1:20:5
MERGED from com.android.support:support-v4:22.1.1:20:5
	android:targetSdkVersion
		INJECTED from AndroidManifest.xml:0:0
		INJECTED from AndroidManifest.xml:0:0
	android:minSdkVersion
		INJECTED from AndroidManifest.xml:0:0
		INJECTED from AndroidManifest.xml:0:0
service#net.qiujuer.genius.command.CommandService
ADDED from com.github.qiujuer:genius:2.3.1:12:9
	android:enabled
		ADDED from com.github.qiujuer:genius:2.3.1:14:13
	android:process
		ADDED from com.github.qiujuer:genius:2.3.1:16:13
	android:exported
		ADDED from com.github.qiujuer:genius:2.3.1:15:13
	android:name
		ADDED from com.github.qiujuer:genius:2.3.1:13:13
intent-filter#net.qiujuer.genius.command.ICommandInterface
ADDED from com.github.qiujuer:genius:2.3.1:17:13
action#net.qiujuer.genius.command.ICommandInterface
ADDED from com.github.qiujuer:genius:2.3.1:18:17
	android:name
		ADDED from com.github.qiujuer:genius:2.3.1:18:25
activity#android.support.v7.widget.TestActivity
ADDED from com.android.support:recyclerview-v7:22.1.1:23:9
	android:label
		ADDED from com.android.support:recyclerview-v7:22.1.1:25:13
	android:name
		ADDED from com.android.support:recyclerview-v7:22.1.1:24:13